TN:
SF:backend\middleware\auth.js
FN:9,(anonymous_0)
FNF:1
FNH:1
FNDA:100,(anonymous_0)
DA:5,1
DA:6,1
DA:7,1
DA:9,1
DA:10,100
DA:13,100
DA:14,100
DA:15,10
DA:21,90
DA:25,90
DA:26,90
DA:28,1
DA:35,89
DA:40,86
DA:41,64
DA:48,22
DA:49,22
DA:52,3
DA:53,3
DA:57,1
LF:20
LH:20
BRDA:14,0,0,10
BRDA:14,0,1,90
BRDA:14,1,0,100
BRDA:14,1,1,90
BRDA:40,2,0,64
BRDA:40,2,1,22
BRDA:40,3,0,86
BRDA:40,3,1,68
BRF:8
BRH:8
end_of_record
TN:
SF:backend\middleware\fileUpload.js
FN:32,getStorageRoot
FN:44,(anonymous_1)
FN:76,buildFolderPath
FN:95,(anonymous_3)
FN:109,saveFileToDisk
FN:146,serveFile
FN:186,(anonymous_6)
FNF:7
FNH:1
FNDA:0,getStorageRoot
FNDA:0,(anonymous_1)
FNDA:0,buildFolderPath
FNDA:1,(anonymous_3)
FNDA:0,saveFileToDisk
FNDA:0,serveFile
FNDA:0,(anonymous_6)
DA:13,1
DA:14,1
DA:15,1
DA:16,1
DA:17,1
DA:20,1
DA:21,1
DA:33,0
DA:34,0
DA:38,0
DA:39,0
DA:43,0
DA:44,0
DA:46,0
DA:49,0
DA:50,0
DA:53,0
DA:59,0
DA:61,0
DA:62,0
DA:63,0
DA:66,0
DA:69,0
DA:70,0
DA:77,0
DA:78,0
DA:79,0
DA:80,0
DA:81,0
DA:84,0
DA:86,0
DA:92,1
DA:96,1
DA:97,1
DA:98,1
DA:99,1
DA:101,0
DA:110,0
DA:112,0
DA:113,0
DA:114,0
DA:115,0
DA:116,0
DA:117,0
DA:118,0
DA:119,0
DA:123,0
DA:124,0
DA:128,0
DA:130,0
DA:147,0
DA:148,0
DA:156,0
DA:157,0
DA:160,0
DA:163,0
DA:164,0
DA:165,0
DA:166,0
DA:168,0
DA:169,0
DA:173,0
DA:174,0
DA:181,0
DA:182,0
DA:183,0
DA:185,0
DA:186,0
DA:187,0
DA:189,0
DA:192,0
DA:193,0
DA:197,1
LF:73
LH:13
BRDA:38,0,0,0
BRDA:38,0,1,0
BRDA:39,1,0,0
BRDA:39,1,1,0
BRDA:46,2,0,0
BRDA:46,2,1,0
BRDA:49,3,0,0
BRDA:49,3,1,0
BRDA:61,4,0,0
BRDA:61,4,1,0
BRDA:61,5,0,0
BRDA:61,5,1,0
BRDA:63,6,0,0
BRDA:63,6,1,0
BRDA:63,6,2,0
BRDA:70,7,0,0
BRDA:70,7,1,0
BRDA:94,8,0,1
BRDA:94,8,1,1
BRDA:98,9,0,1
BRDA:98,9,1,0
BRDA:98,10,0,1
BRDA:98,10,1,1
BRDA:110,11,0,0
BRDA:110,11,1,0
BRDA:123,12,0,0
BRDA:123,12,1,0
BRDA:156,13,0,0
BRDA:156,13,1,0
BRDA:168,14,0,0
BRDA:168,14,1,0
BRDA:168,15,0,0
BRDA:168,15,1,0
BRDA:168,15,2,0
BRDA:173,16,0,0
BRDA:173,16,1,0
BRDA:181,17,0,0
BRDA:181,17,1,0
BRDA:183,18,0,0
BRDA:183,18,1,0
BRF:40
BRH:5
end_of_record
TN:
SF:backend\middleware\roleCheck.js
FN:5,(anonymous_0)
FN:6,(anonymous_1)
FNF:2
FNH:2
FNDA:3,(anonymous_0)
FNDA:1,(anonymous_1)
DA:5,1
DA:6,3
DA:7,1
DA:8,0
DA:11,1
DA:12,0
DA:18,1
DA:23,1
DA:24,1
DA:25,1
DA:27,1
LF:11
LH:9
BRDA:7,0,0,0
BRDA:7,0,1,1
BRDA:11,1,0,0
BRDA:11,1,1,1
BRF:4
BRH:2
end_of_record
TN:
SF:backend\routes\admin.js
FN:46,(anonymous_0)
FN:65,(anonymous_1)
FN:100,(anonymous_2)
FN:200,(anonymous_3)
FN:280,(anonymous_4)
FN:293,(anonymous_5)
FN:306,(anonymous_6)
FN:329,(anonymous_7)
FN:346,(anonymous_8)
FN:365,(anonymous_9)
FN:389,(anonymous_10)
FN:400,(anonymous_11)
FN:451,(anonymous_12)
FN:469,(anonymous_13)
FN:486,(anonymous_14)
FN:507,(anonymous_15)
FN:530,(anonymous_16)
FN:552,(anonymous_17)
FN:570,(anonymous_18)
FN:597,(anonymous_19)
FN:621,(anonymous_20)
FN:640,(anonymous_21)
FN:657,(anonymous_22)
FN:696,(anonymous_23)
FN:736,(anonymous_24)
FNF:25
FNH:8
FNDA:13,(anonymous_0)
FNDA:0,(anonymous_1)
FNDA:1,(anonymous_2)
FNDA:0,(anonymous_3)
FNDA:0,(anonymous_4)
FNDA:0,(anonymous_5)
FNDA:1,(anonymous_6)
FNDA:0,(anonymous_7)
FNDA:1,(anonymous_8)
FNDA:0,(anonymous_9)
FNDA:0,(anonymous_10)
FNDA:2,(anonymous_11)
FNDA:0,(anonymous_12)
FNDA:0,(anonymous_13)
FNDA:1,(anonymous_14)
FNDA:0,(anonymous_15)
FNDA:0,(anonymous_16)
FNDA:0,(anonymous_17)
FNDA:1,(anonymous_18)
FNDA:0,(anonymous_19)
FNDA:0,(anonymous_20)
FNDA:0,(anonymous_21)
FNDA:2,(anonymous_22)
FNDA:0,(anonymous_23)
FNDA:0,(anonymous_24)
DA:38,1
DA:39,1
DA:40,1
DA:41,1
DA:42,1
DA:46,1
DA:47,13
DA:48,4
DA:53,9
DA:57,1
DA:65,1
DA:66,0
DA:67,0
DA:92,0
DA:94,0
DA:95,0
DA:100,1
DA:106,1
DA:108,1
DA:109,1
DA:112,0
DA:114,0
DA:115,0
DA:116,0
DA:120,0
DA:121,0
DA:122,0
DA:123,0
DA:127,0
DA:128,0
DA:129,0
DA:133,0
DA:146,0
DA:149,0
DA:153,0
DA:154,0
DA:155,0
DA:156,0
DA:165,0
DA:166,0
DA:173,0
DA:177,0
DA:178,0
DA:186,0
DA:194,0
DA:195,0
DA:200,1
DA:201,0
DA:203,0
DA:204,0
DA:218,0
DA:219,0
DA:220,0
DA:221,0
DA:222,0
DA:223,0
DA:233,0
DA:234,0
DA:235,0
DA:239,0
DA:244,0
DA:245,0
DA:255,0
DA:256,0
DA:261,0
DA:262,0
DA:272,0
DA:274,0
DA:275,0
DA:280,1
DA:281,0
DA:282,0
DA:286,0
DA:288,0
DA:293,1
DA:294,0
DA:295,0
DA:299,0
DA:301,0
DA:306,1
DA:307,1
DA:308,1
DA:309,1
DA:311,0
DA:312,0
DA:313,0
DA:317,0
DA:319,0
DA:329,1
DA:330,0
DA:331,0
DA:339,0
DA:341,0
DA:346,1
DA:347,1
DA:348,1
DA:349,0
DA:350,0
DA:355,0
DA:357,0
DA:358,0
DA:360,0
DA:365,1
DA:366,0
DA:367,0
DA:368,0
DA:377,0
DA:379,0
DA:389,1
DA:390,0
DA:391,0
DA:392,0
DA:394,0
DA:400,1
DA:401,2
DA:403,2
DA:404,1
DA:406,1
DA:407,1
DA:410,0
DA:412,0
DA:413,0
DA:414,0
DA:415,0
DA:423,0
DA:430,0
DA:439,0
DA:440,0
DA:443,0
DA:445,0
DA:446,0
DA:451,1
DA:452,0
DA:453,0
DA:457,0
DA:459,0
DA:469,1
DA:470,0
DA:471,0
DA:479,0
DA:481,0
DA:486,1
DA:487,1
DA:488,1
DA:489,1
DA:491,0
DA:492,0
DA:497,0
DA:499,0
DA:500,0
DA:502,0
DA:507,1
DA:508,0
DA:509,0
DA:511,0
DA:512,0
DA:513,0
DA:515,0
DA:523,0
DA:525,0
DA:530,1
DA:531,0
DA:532,0
DA:533,0
DA:534,0
DA:536,0
DA:540,0
DA:542,0
DA:552,1
DA:553,0
DA:554,0
DA:563,0
DA:565,0
DA:570,1
DA:571,1
DA:572,1
DA:573,1
DA:575,0
DA:576,0
DA:587,0
DA:589,0
DA:590,0
DA:592,0
DA:597,1
DA:598,0
DA:599,0
DA:600,0
DA:601,0
DA:602,0
DA:604,0
DA:614,0
DA:616,0
DA:621,1
DA:622,0
DA:623,0
DA:624,0
DA:625,0
DA:627,0
DA:628,0
DA:630,0
DA:640,1
DA:641,0
DA:642,0
DA:650,0
DA:652,0
DA:657,1
DA:661,2
DA:663,2
DA:664,1
DA:666,1
DA:667,1
DA:670,0
DA:671,0
DA:686,0
DA:688,0
DA:689,0
DA:691,0
DA:696,1
DA:697,0
DA:699,0
DA:700,0
DA:703,0
DA:704,0
DA:705,0
DA:707,0
DA:716,0
DA:729,0
DA:731,0
DA:736,1
DA:737,0
DA:738,0
DA:739,0
DA:740,0
DA:742,0
DA:743,0
DA:745,0
DA:749,1
LF:237
LH:59
BRDA:47,0,0,4
BRDA:47,0,1,9
BRDA:47,1,0,13
BRDA:47,1,1,13
BRDA:108,2,0,1
BRDA:108,2,1,0
BRDA:108,3,0,1
BRDA:108,3,1,1
BRDA:108,3,2,0
BRDA:115,4,0,0
BRDA:115,4,1,0
BRDA:122,5,0,0
BRDA:122,5,1,0
BRDA:128,6,0,0
BRDA:128,6,1,0
BRDA:140,7,0,0
BRDA:140,7,1,0
BRDA:141,8,0,0
BRDA:141,8,1,0
BRDA:149,9,0,0
BRDA:149,9,1,0
BRDA:149,10,0,0
BRDA:149,10,1,0
BRDA:155,11,0,0
BRDA:155,11,1,0
BRDA:165,12,0,0
BRDA:165,12,1,0
BRDA:177,13,0,0
BRDA:177,13,1,0
BRDA:177,14,0,0
BRDA:177,14,1,0
BRDA:218,15,0,0
BRDA:218,15,1,0
BRDA:222,16,0,0
BRDA:222,16,1,0
BRDA:233,17,0,0
BRDA:233,17,1,0
BRDA:234,18,0,0
BRDA:234,18,1,0
BRDA:244,19,0,0
BRDA:244,19,1,0
BRDA:255,20,0,0
BRDA:255,20,1,0
BRDA:261,21,0,0
BRDA:261,21,1,0
BRDA:308,22,0,1
BRDA:308,22,1,0
BRDA:308,23,0,1
BRDA:308,23,1,1
BRDA:348,24,0,1
BRDA:348,24,1,0
BRDA:353,25,0,0
BRDA:353,25,1,0
BRDA:357,26,0,0
BRDA:357,26,1,0
BRDA:403,27,0,1
BRDA:403,27,1,1
BRDA:403,28,0,2
BRDA:403,28,1,2
BRDA:403,28,2,1
BRDA:406,29,0,1
BRDA:406,29,1,0
BRDA:412,30,0,0
BRDA:412,30,1,0
BRDA:414,31,0,0
BRDA:414,31,1,0
BRDA:439,32,0,0
BRDA:439,32,1,0
BRDA:488,33,0,1
BRDA:488,33,1,0
BRDA:488,34,0,1
BRDA:488,34,1,1
BRDA:495,35,0,0
BRDA:495,35,1,0
BRDA:495,36,0,0
BRDA:495,36,1,0
BRDA:499,37,0,0
BRDA:499,37,1,0
BRDA:512,38,0,0
BRDA:512,38,1,0
BRDA:533,39,0,0
BRDA:533,39,1,0
BRDA:572,40,0,1
BRDA:572,40,1,0
BRDA:572,41,0,1
BRDA:572,41,1,0
BRDA:572,41,2,0
BRDA:582,42,0,0
BRDA:582,42,1,0
BRDA:582,43,0,0
BRDA:582,43,1,0
BRDA:583,44,0,0
BRDA:583,44,1,0
BRDA:584,45,0,0
BRDA:584,45,1,0
BRDA:589,46,0,0
BRDA:589,46,1,0
BRDA:601,47,0,0
BRDA:601,47,1,0
BRDA:624,48,0,0
BRDA:624,48,1,0
BRDA:663,49,0,1
BRDA:663,49,1,1
BRDA:663,50,0,2
BRDA:663,50,1,1
BRDA:663,50,2,1
BRDA:666,51,0,1
BRDA:666,51,1,0
BRDA:666,52,0,1
BRDA:666,52,1,1
BRDA:678,53,0,0
BRDA:678,53,1,0
BRDA:678,54,0,0
BRDA:678,54,1,0
BRDA:681,55,0,0
BRDA:681,55,1,0
BRDA:682,56,0,0
BRDA:682,56,1,0
BRDA:683,57,0,0
BRDA:683,57,1,0
BRDA:688,58,0,0
BRDA:688,58,1,0
BRDA:699,59,0,0
BRDA:699,59,1,0
BRDA:699,60,0,0
BRDA:699,60,1,0
BRDA:705,61,0,0
BRDA:705,61,1,0
BRDA:739,62,0,0
BRDA:739,62,1,0
BRF:130
BRH:30
end_of_record
TN:
SF:backend\routes\auth.js
FN:17,(anonymous_0)
FN:37,(anonymous_1)
FN:143,(anonymous_2)
FN:164,(anonymous_3)
FNF:4
FNH:2
FNDA:2,(anonymous_0)
FNDA:6,(anonymous_1)
FNDA:0,(anonymous_2)
FNDA:0,(anonymous_3)
DA:6,1
DA:7,1
DA:8,1
DA:9,1
DA:10,1
DA:11,1
DA:12,1
DA:17,1
DA:18,2
DA:20,2
DA:21,1
DA:29,1
DA:37,1
DA:38,6
DA:39,6
DA:42,6
DA:43,1
DA:50,5
DA:63,5
DA:64,1
DA:70,4
DA:73,4
DA:74,1
DA:81,3
DA:82,3
DA:83,2
DA:84,1
DA:86,1
DA:87,0
DA:89,1
DA:90,1
DA:91,1
DA:96,1
DA:107,1
DA:113,1
DA:120,1
DA:135,0
DA:136,0
DA:143,1
DA:144,0
DA:146,0
DA:151,0
DA:156,0
DA:157,0
DA:164,1
DA:165,0
DA:166,0
DA:180,0
DA:181,0
DA:198,0
DA:199,0
DA:203,1
LF:52
LH:38
BRDA:42,0,0,1
BRDA:42,0,1,5
BRDA:42,1,0,6
BRDA:42,1,1,5
BRDA:63,2,0,1
BRDA:63,2,1,4
BRDA:73,3,0,1
BRDA:73,3,1,3
BRDA:82,4,0,2
BRDA:82,4,1,1
BRDA:83,5,0,1
BRDA:83,5,1,1
BRDA:86,6,0,0
BRDA:86,6,1,1
BRDA:90,7,0,1
BRDA:90,7,1,0
BRDA:103,8,0,1
BRDA:103,8,1,0
BRF:18
BRH:15
end_of_record
TN:
SF:backend\routes\config.js
FN:15,(anonymous_0)
FN:34,(anonymous_1)
FN:55,(anonymous_2)
FN:75,(anonymous_3)
FNF:4
FNH:0
FNDA:0,(anonymous_0)
FNDA:0,(anonymous_1)
FNDA:0,(anonymous_2)
FNDA:0,(anonymous_3)
DA:8,1
DA:9,1
DA:10,1
DA:11,1
DA:15,1
DA:16,0
DA:17,0
DA:23,0
DA:25,0
DA:26,0
DA:34,1
DA:35,0
DA:36,0
DA:45,0
DA:47,0
DA:48,0
DA:55,1
DA:56,0
DA:57,0
DA:66,0
DA:68,0
DA:69,0
DA:75,1
DA:76,0
DA:77,0
DA:87,0
DA:89,0
DA:90,0
DA:94,1
LF:29
LH:9
BRF:0
BRH:0
end_of_record
TN:
SF:backend\routes\dashboard.js
FN:14,(anonymous_0)
FN:50,(anonymous_1)
FN:96,(anonymous_2)
FNF:3
FNH:1
FNDA:0,(anonymous_0)
FNDA:1,(anonymous_1)
FNDA:0,(anonymous_2)
DA:7,1
DA:8,1
DA:9,1
DA:10,1
DA:14,1
DA:15,0
DA:16,0
DA:17,0
DA:20,0
DA:24,0
DA:40,0
DA:41,0
DA:50,1
DA:51,1
DA:52,1
DA:54,1
DA:55,1
DA:58,0
DA:59,0
DA:87,0
DA:89,0
DA:90,0
DA:96,1
DA:97,0
DA:98,0
DA:109,0
DA:111,0
DA:112,0
DA:116,1
LF:29
LH:12
BRDA:54,0,0,1
BRDA:54,0,1,0
BRF:2
BRH:1
end_of_record
TN:
SF:backend\routes\mis.js
FN:13,(anonymous_0)
FN:41,(anonymous_1)
FNF:2
FNH:0
FNDA:0,(anonymous_0)
FNDA:0,(anonymous_1)
DA:6,1
DA:7,1
DA:8,1
DA:9,1
DA:13,1
DA:14,0
DA:15,0
DA:30,0
DA:32,0
DA:33,0
DA:41,1
DA:42,0
DA:43,0
DA:45,0
DA:46,0
DA:48,0
DA:49,0
DA:50,0
DA:51,0
DA:54,0
DA:83,0
DA:85,0
DA:86,0
DA:90,1
LF:24
LH:7
BRDA:48,0,0,0
BRDA:48,0,1,0
BRDA:50,1,0,0
BRDA:50,1,1,0
BRF:4
BRH:0
end_of_record
TN:
SF:backend\routes\tasks.js
FN:28,(anonymous_0)
FN:149,(anonymous_1)
FN:208,(anonymous_2)
FN:275,(anonymous_3)
FN:317,(anonymous_4)
FN:391,(anonymous_5)
FNF:6
FNH:3
FNDA:2,(anonymous_0)
FNDA:0,(anonymous_1)
FNDA:2,(anonymous_2)
FNDA:2,(anonymous_3)
FNDA:0,(anonymous_4)
FNDA:0,(anonymous_5)
DA:12,1
DA:13,1
DA:14,1
DA:15,1
DA:16,1
DA:17,1
DA:18,1
DA:19,1
DA:22,1
DA:23,1
DA:28,1
DA:36,2
DA:39,2
DA:40,1
DA:42,1
DA:43,1
DA:45,0
DA:46,0
DA:49,0
DA:51,0
DA:52,0
DA:53,0
DA:55,0
DA:56,0
DA:59,0
DA:60,0
DA:61,0
DA:62,0
DA:63,0
DA:67,0
DA:68,0
DA:69,0
DA:70,0
DA:71,0
DA:72,0
DA:73,0
DA:77,0
DA:100,0
DA:103,0
DA:104,0
DA:105,0
DA:106,0
DA:107,0
DA:117,0
DA:124,0
DA:135,0
DA:142,0
DA:143,0
DA:149,1
DA:150,0
DA:152,0
DA:157,0
DA:158,0
DA:161,0
DA:164,0
DA:174,0
DA:184,0
DA:189,0
DA:200,0
DA:201,0
DA:208,1
DA:209,2
DA:210,2
DA:212,2
DA:213,1
DA:217,1
DA:218,1
DA:221,0
DA:223,0
DA:228,0
DA:229,0
DA:232,0
DA:235,0
DA:242,0
DA:243,0
DA:256,0
DA:267,0
DA:268,0
DA:275,1
DA:276,2
DA:277,2
DA:279,1
DA:280,1
DA:282,0
DA:284,0
DA:297,0
DA:298,0
DA:300,0
DA:308,0
DA:309,0
DA:317,1
DA:318,0
DA:320,0
DA:325,0
DA:326,0
DA:329,0
DA:330,0
DA:331,0
DA:334,0
DA:337,0
DA:381,0
DA:384,0
DA:385,0
DA:391,1
DA:392,0
DA:393,0
DA:402,0
DA:404,0
DA:405,0
DA:409,1
LF:110
LH:32
BRDA:22,0,0,1
BRDA:22,0,1,1
BRDA:23,1,0,1
BRDA:23,1,1,0
BRDA:39,2,0,1
BRDA:39,2,1,1
BRDA:39,3,0,2
BRDA:39,3,1,1
BRDA:39,3,2,1
BRDA:39,3,3,1
BRDA:42,4,0,1
BRDA:42,4,1,0
BRDA:42,5,0,1
BRDA:42,5,1,0
BRDA:45,6,0,0
BRDA:45,6,1,0
BRDA:45,7,0,0
BRDA:45,7,1,0
BRDA:45,7,2,0
BRDA:55,8,0,0
BRDA:55,8,1,0
BRDA:55,9,0,0
BRDA:55,9,1,0
BRDA:55,9,2,0
BRDA:68,10,0,0
BRDA:68,10,1,0
BRDA:69,11,0,0
BRDA:69,11,1,0
BRDA:69,11,2,0
BRDA:70,12,0,0
BRDA:70,12,1,0
BRDA:72,13,0,0
BRDA:72,13,1,0
BRDA:92,14,0,0
BRDA:92,14,1,0
BRDA:92,15,0,0
BRDA:92,15,1,0
BRDA:92,16,0,0
BRDA:92,16,1,0
BRDA:93,17,0,0
BRDA:93,17,1,0
BRDA:93,18,0,0
BRDA:93,18,1,0
BRDA:94,19,0,0
BRDA:94,19,1,0
BRDA:95,20,0,0
BRDA:95,20,1,0
BRDA:95,21,0,0
BRDA:95,21,1,0
BRDA:103,22,0,0
BRDA:103,22,1,0
BRDA:103,23,0,0
BRDA:103,23,1,0
BRDA:103,23,2,0
BRDA:106,24,0,0
BRDA:106,24,1,0
BRDA:110,25,0,0
BRDA:110,25,1,0
BRDA:110,26,0,0
BRDA:110,26,1,0
BRDA:110,27,0,0
BRDA:110,27,1,0
BRDA:157,28,0,0
BRDA:157,28,1,0
BRDA:195,29,0,0
BRDA:195,29,1,0
BRDA:212,30,0,1
BRDA:212,30,1,1
BRDA:217,31,0,1
BRDA:217,31,1,0
BRDA:217,32,0,1
BRDA:217,32,1,1
BRDA:217,32,2,0
BRDA:225,33,0,0
BRDA:225,33,1,0
BRDA:228,34,0,0
BRDA:228,34,1,0
BRDA:242,35,0,0
BRDA:242,35,1,0
BRDA:249,36,0,0
BRDA:249,36,1,0
BRDA:277,37,0,1
BRDA:277,37,1,1
BRDA:279,38,0,1
BRDA:279,38,1,0
BRDA:280,39,0,1
BRDA:280,39,1,0
BRDA:297,40,0,0
BRDA:297,40,1,0
BRDA:325,41,0,0
BRDA:325,41,1,0
BRDA:330,42,0,0
BRDA:330,42,1,0
BRDA:368,43,0,0
BRDA:368,43,1,0
BRDA:368,44,0,0
BRDA:368,44,1,0
BRDA:368,45,0,0
BRDA:368,45,1,0
BRDA:368,46,0,0
BRDA:368,46,1,0
BRDA:368,47,0,0
BRDA:368,47,1,0
BRDA:368,48,0,0
BRDA:368,48,1,0
BRDA:369,49,0,0
BRDA:369,49,1,0
BRDA:369,50,0,0
BRDA:369,50,1,0
BRDA:369,51,0,0
BRDA:369,51,1,0
BRDA:369,52,0,0
BRDA:369,52,1,0
BRDA:369,53,0,0
BRDA:369,53,1,0
BRDA:370,54,0,0
BRDA:370,54,1,0
BRDA:370,55,0,0
BRDA:370,55,1,0
BRDA:370,56,0,0
BRDA:370,56,1,0
BRDA:370,57,0,0
BRDA:370,57,1,0
BRDA:370,58,0,0
BRDA:370,58,1,0
BRDA:370,59,0,0
BRDA:370,59,1,0
BRDA:371,60,0,0
BRDA:371,60,1,0
BRDA:371,61,0,0
BRDA:371,61,1,0
BRDA:371,62,0,0
BRDA:371,62,1,0
BRDA:371,63,0,0
BRDA:371,63,1,0
BRDA:371,64,0,0
BRDA:371,64,1,0
BRDA:372,65,0,0
BRDA:372,65,1,0
BRDA:372,66,0,0
BRDA:372,66,1,0
BRDA:372,67,0,0
BRDA:372,67,1,0
BRDA:372,68,0,0
BRDA:372,68,1,0
BRDA:373,69,0,0
BRDA:373,69,1,0
BRDA:373,70,0,0
BRDA:373,70,1,0
BRDA:373,71,0,0
BRDA:373,71,1,0
BRDA:373,72,0,0
BRDA:373,72,1,0
BRDA:373,73,0,0
BRDA:373,73,1,0
BRDA:374,74,0,0
BRDA:374,74,1,0
BRDA:374,75,0,0
BRDA:374,75,1,0
BRDA:374,76,0,0
BRDA:374,76,1,0
BRDA:374,77,0,0
BRDA:374,77,1,0
BRDA:375,78,0,0
BRDA:375,78,1,0
BRDA:375,79,0,0
BRDA:375,79,1,0
BRDA:375,80,0,0
BRDA:375,80,1,0
BRDA:376,81,0,0
BRDA:376,81,1,0
BRDA:376,82,0,0
BRDA:376,82,1,0
BRDA:376,83,0,0
BRDA:376,83,1,0
BRF:175
BRH:20
end_of_record
TN:
SF:backend\routes\users.js
FN:16,(anonymous_0)
FN:31,(anonymous_1)
FN:105,(anonymous_2)
FN:133,(anonymous_3)
FNF:4
FNH:2
FNDA:0,(anonymous_0)
FNDA:1,(anonymous_1)
FNDA:1,(anonymous_2)
FNDA:0,(anonymous_3)
DA:7,1
DA:8,1
DA:9,1
DA:10,1
DA:11,1
DA:12,1
DA:16,1
DA:17,0
DA:18,0
DA:21,0
DA:23,0
DA:24,0
DA:31,1
DA:32,1
DA:34,1
DA:35,1
DA:38,0
DA:40,0
DA:41,0
DA:42,0
DA:46,0
DA:49,0
DA:50,0
DA:51,0
DA:55,0
DA:62,0
DA:66,0
DA:67,0
DA:68,0
DA:69,0
DA:70,0
DA:71,0
DA:72,0
DA:73,0
DA:74,0
DA:75,0
DA:76,0
DA:79,0
DA:80,0
DA:81,0
DA:82,0
DA:90,0
DA:98,0
DA:99,0
DA:105,1
DA:106,1
DA:107,1
DA:119,1
DA:120,1
DA:123,0
DA:125,0
DA:126,0
DA:133,1
DA:134,0
DA:135,0
DA:136,0
DA:138,0
DA:139,0
DA:143,1
LF:59
LH:18
BRDA:34,0,0,1
BRDA:34,0,1,0
BRDA:34,1,0,1
BRDA:34,1,1,1
BRDA:34,1,2,0
BRDA:41,2,0,0
BRDA:41,2,1,0
BRDA:50,3,0,0
BRDA:50,3,1,0
BRDA:59,4,0,0
BRDA:59,4,1,0
BRDA:59,5,0,0
BRDA:59,5,1,0
BRDA:67,6,0,0
BRDA:67,6,1,0
BRDA:67,7,0,0
BRDA:67,7,1,0
BRDA:69,8,0,0
BRDA:69,8,1,0
BRDA:71,9,0,0
BRDA:71,9,1,0
BRDA:73,10,0,0
BRDA:73,10,1,0
BRDA:75,11,0,0
BRDA:75,11,1,0
BRDA:81,12,0,0
BRDA:81,12,1,0
BRDA:119,13,0,1
BRDA:119,13,1,0
BRF:29
BRH:4
end_of_record
